C:/TEMPO/ProcLib/RIGSETUP.pro(15) : ERROR Error - 'Scr_width' not explicitly declared.
C:/TEMPO/ProcLib/RIGSETUP.pro(16) : ERROR Error - 'Scr_height' not explicitly declared.
C:/TEMPO/ProcLib/RIGSETUP.pro(17) : ERROR Error - 'Subj_dist' not explicitly declared.
C:/TEMPO/ProcLib/RIGSETUP.pro(20) : ERROR Error - 'PD_left' not explicitly declared.
C:/TEMPO/ProcLib/RIGSETUP.pro(21) : ERROR Error - 'PD_bottom' not explicitly declared.
C:/TEMPO/ProcLib/RIGSETUP.pro(22) : ERROR Error - 'PD_size' not explicitly declared.
C:/TEMPO/ProcLib/RIGSETUP.pro(25) : ERROR Error - 'Scr_pixX' not explicitly declared.
C:/TEMPO/ProcLib/RIGSETUP.pro(26) : ERROR Error - 'Scr_pixY' not explicitly declared.
C:/TEMPO/ProcLib/RIGSETUP.pro(27) : ERROR Error - 'Refresh_rate' not explicitly declared.
C:/TEMPO/ProcLib/RIGSETUP.pro(31) : ERROR Error - 'X_Gain' not explicitly declared.
C:/TEMPO/ProcLib/RIGSETUP.pro(32) : ERROR Error - 'Y_Gain' not explicitly declared.
C:/TEMPO/ProcLib/RIGSETUP.pro(35) : ERROR Error - 'Juice_channel' not explicitly declared.
C:/TEMPO/ProcLib/RIGSETUP.pro(36) : ERROR Error - 'Stim_channel' not explicitly declared.
C:/TEMPO/ProcLib/RIGSETUP.pro(37) : ERROR Error - 'Eye_X_channel' not explicitly declared.
C:/TEMPO/ProcLib/RIGSETUP.pro(38) : ERROR Error - 'Eye_Y_channel' not explicitly declared.
C:/TEMPO/ProcLib/RIGSETUP.pro(39) : ERROR Error - 'PhotoD_channel' not explicitly declared.
C:/TEMPO/ProcLib/RIGSETUP.pro(40) : ERROR Error - 'MaxVoltage' not explicitly declared.
C:/TEMPO/ProcLib/RIGSETUP.pro(42) : ERROR Error - 'AnalogUnits' not explicitly declared.
C:/TEMPO/ProcLib/RIGSETUP.pro(45) : ERROR Error - 'CheckMouth' not explicitly declared.
C:/TEMPO/ProcLib/RIGSETUP.pro(46) : ERROR Error - 'CheckBody' not explicitly declared.
C:/TEMPO/ProcLib/RIGSETUP.pro(50) : ERROR Error - 'Scr_width' not explicitly declared.
C:/TEMPO/ProcLib/RIGSETUP.pro(51) : ERROR Error - 'Scr_height' not explicitly declared.
C:/TEMPO/ProcLib/RIGSETUP.pro(52) : ERROR Error - 'Subj_dist' not explicitly declared.
C:/TEMPO/ProcLib/RIGSETUP.pro(55) : ERROR Error - 'PD_left' not explicitly declared.
C:/TEMPO/ProcLib/RIGSETUP.pro(56) : ERROR Error - 'PD_bottom' not explicitly declared.
C:/TEMPO/ProcLib/RIGSETUP.pro(57) : ERROR Error - 'PD_size' not explicitly declared.
C:/TEMPO/ProcLib/RIGSETUP.pro(60) : ERROR Error - 'Scr_pixX' not explicitly declared.
C:/TEMPO/ProcLib/RIGSETUP.pro(61) : ERROR Error - 'Scr_pixY' not explicitly declared.
C:/TEMPO/ProcLib/RIGSETUP.pro(62) : ERROR Error - 'Refresh_rate' not explicitly declared.
C:/TEMPO/ProcLib/RIGSETUP.pro(65) : ERROR Error - 'X_Gain' not explicitly declared.
C:/TEMPO/ProcLib/RIGSETUP.pro(66) : ERROR Error - 'Y_Gain' not explicitly declared.
C:/TEMPO/ProcLib/RIGSETUP.pro(69) : ERROR Error - 'Juice_channel' not explicitly declared.
C:/TEMPO/ProcLib/RIGSETUP.pro(70) : ERROR Error - 'Stim_channel' not explicitly declared.
C:/TEMPO/ProcLib/RIGSETUP.pro(71) : ERROR Error - 'Eye_X_channel' not explicitly declared.
C:/TEMPO/ProcLib/RIGSETUP.pro(72) : ERROR Error - 'Eye_Y_channel' not explicitly declared.
C:/TEMPO/ProcLib/RIGSETUP.pro(73) : ERROR Error - 'PhotoD_channel' not explicitly declared.
C:/TEMPO/ProcLib/RIGSETUP.pro(74) : ERROR Error - 'MaxVoltage' not explicitly declared.
C:/TEMPO/ProcLib/RIGSETUP.pro(75) : ERROR Error - 'AnalogUnits' not explicitly declared.
C:/TEMPO/ProcLib/RIGSETUP.pro(79) : ERROR Error - 'CheckMouth' not explicitly declared.
C:/TEMPO/ProcLib/RIGSETUP.pro(80) : ERROR Error - 'CheckBody' not explicitly declared.
C:/TEMPO/ProcLib/RIGSETUP.pro(84) : ERROR Error - 'Scr_width' not explicitly declared.
C:/TEMPO/ProcLib/RIGSETUP.pro(85) : ERROR Error - 'Scr_height' not explicitly declared.
C:/TEMPO/ProcLib/RIGSETUP.pro(86) : ERROR Error - 'Subj_dist' not explicitly declared.
C:/TEMPO/ProcLib/RIGSETUP.pro(89) : ERROR Error - 'PD_left' not explicitly declared.
C:/TEMPO/ProcLib/RIGSETUP.pro(90) : ERROR Error - 'PD_bottom' not explicitly declared.
C:/TEMPO/ProcLib/RIGSETUP.pro(91) : ERROR Error - 'PD_size' not explicitly declared.
C:/TEMPO/ProcLib/RIGSETUP.pro(94) : ERROR Error - 'Scr_pixX' not explicitly declared.
C:/TEMPO/ProcLib/RIGSETUP.pro(95) : ERROR Error - 'Scr_pixY' not explicitly declared.
C:/TEMPO/ProcLib/RIGSETUP.pro(96) : ERROR Error - 'Refresh_rate' not explicitly declared.
C:/TEMPO/ProcLib/RIGSETUP.pro(100) : ERROR Error - 'X_Gain' not explicitly declared.
C:/TEMPO/ProcLib/RIGSETUP.pro(101) : ERROR Error - 'Y_Gain' not explicitly declared.
C:/TEMPO/ProcLib/RIGSETUP.pro(104) : ERROR Error - 'Juice_channel' not explicitly declared.
C:/TEMPO/ProcLib/RIGSETUP.pro(105) : ERROR Error - 'Stim_channel' not explicitly declared.
C:/TEMPO/ProcLib/RIGSETUP.pro(106) : ERROR Error - 'Eye_X_channel' not explicitly declared.
C:/TEMPO/ProcLib/RIGSETUP.pro(107) : ERROR Error - 'Eye_Y_channel' not explicitly declared.
C:/TEMPO/ProcLib/RIGSETUP.pro(108) : ERROR Error - 'PhotoD_channel' not explicitly declared.
C:/TEMPO/ProcLib/RIGSETUP.pro(109) : ERROR Error - 'MaxVoltage' not explicitly declared.
C:/TEMPO/ProcLib/RIGSETUP.pro(111) : ERROR Error - 'AnalogUnits' not explicitly declared.
C:/TEMPO/ProcLib/RIGSETUP.pro(114) : ERROR Error - 'CheckMouth' not explicitly declared.
C:/TEMPO/ProcLib/RIGSETUP.pro(115) : ERROR Error - 'CheckBody' not explicitly declared.
C:/TEMPO/ProcLib/RIGSETUP.pro(119) : ERROR Error - 'Scr_width' not explicitly declared.
C:/TEMPO/ProcLib/RIGSETUP.pro(120) : ERROR Error - 'Scr_height' not explicitly declared.
C:/TEMPO/ProcLib/RIGSETUP.pro(121) : ERROR Error - 'Subj_dist' not explicitly declared.
C:/TEMPO/ProcLib/RIGSETUP.pro(124) : ERROR Error - 'PD_left' not explicitly declared.
C:/TEMPO/ProcLib/RIGSETUP.pro(125) : ERROR Error - 'PD_bottom' not explicitly declared.
C:/TEMPO/ProcLib/RIGSETUP.pro(126) : ERROR Error - 'PD_size' not explicitly declared.
C:/TEMPO/ProcLib/RIGSETUP.pro(129) : ERROR Error - 'Scr_pixX' not explicitly declared.
C:/TEMPO/ProcLib/RIGSETUP.pro(130) : ERROR Error - 'Scr_pixY' not explicitly declared.
C:/TEMPO/ProcLib/RIGSETUP.pro(131) : ERROR Error - 'Refresh_rate' not explicitly declared.
C:/TEMPO/ProcLib/RIGSETUP.pro(135) : ERROR Error - 'X_Gain' not explicitly declared.
C:/TEMPO/ProcLib/RIGSETUP.pro(136) : ERROR Error - 'Y_Gain' not explicitly declared.
C:/TEMPO/ProcLib/RIGSETUP.pro(139) : ERROR Error - 'Juice_channel' not explicitly declared.
C:/TEMPO/ProcLib/RIGSETUP.pro(140) : ERROR Error - 'Stim_channel' not explicitly declared.
C:/TEMPO/ProcLib/RIGSETUP.pro(141) : ERROR Error - 'Eye_X_channel' not explicitly declared.
C:/TEMPO/ProcLib/RIGSETUP.pro(142) : ERROR Error - 'Eye_Y_channel' not explicitly declared.
C:/TEMPO/ProcLib/RIGSETUP.pro(143) : ERROR Error - 'PhotoD_channel' not explicitly declared.
C:/TEMPO/ProcLib/RIGSETUP.pro(144) : ERROR Error - 'MaxVoltage' not explicitly declared.
C:/TEMPO/ProcLib/RIGSETUP.pro(146) : ERROR Error - 'AnalogUnits' not explicitly declared.
C:/TEMPO/ProcLib/RIGSETUP.pro(149) : ERROR Error - 'CheckMouth' not explicitly declared.
C:/TEMPO/ProcLib/RIGSETUP.pro(150) : ERROR Error - 'CheckBody' not explicitly declared.
C:/TEMPO/ProcLib/DEFAULT.pro(302) : ERROR Error - 'Subj_dist' not explicitly declared.
C:/TEMPO/ProcLib/DEFAULT.pro(307) : ERROR Error - 'Subj_dist' not explicitly declared.
C:/TEMPO/ProcLib/DEFAULT.pro(627) : ERROR Error - 'Subj_dist' not explicitly declared.
C:/TEMPO/ProcLib/DEFAULT.pro(632) : ERROR Error - 'Subj_dist' not explicitly declared.
C:/TEMPO/ProcLib/DEFAULT.pro(809) : ERROR Error - 'Subj_dist' not explicitly declared.
C:/TEMPO/ProcLib/DEFAULT.pro(814) : ERROR Error - 'Subj_dist' not explicitly declared.
C:/TEMPO/ProcLib/DEFAULT.pro(1858) : ERROR Error - 'Subj_dist' not explicitly declared.
C:/TEMPO/ProcLib/DEFAULT.pro(1863) : ERROR Error - 'Subj_dist' not explicitly declared.
C:/TEMPO/ProcLib/GOODVARS.pro(57) : ERROR Error - 'Refresh_rate' not explicitly declared.
C:/TEMPO/ProcLib/GOODVARS.pro(59) : ERROR Error - 'Refresh_rate' not explicitly declared.
C:/TEMPO/ProcLib/GOODVARS.pro(153) : ERROR Error - 'Refresh_rate' not explicitly declared.
C:/TEMPO/ProcLib/GOODVARS.pro(155) : ERROR Error - 'Refresh_rate' not explicitly declared.
C:/TEMPO/ProcLib/KEY_STIM.pro(13) : ERROR Error - 'Stim_channel' not explicitly declared.
C:/TEMPO/ProcLib/WATCHEYE.pro(44) : ERROR Error - 'X_Gain' not explicitly declared.
C:/TEMPO/ProcLib/WATCHEYE.pro(44) : ERROR Error - 'X_Offset' not explicitly declared.
C:/TEMPO/ProcLib/WATCHEYE.pro(45) : ERROR Error - 'Y_Gain' not explicitly declared.
C:/TEMPO/ProcLib/WATCHEYE.pro(45) : ERROR Error - 'Y_Offset' not explicitly declared.
C:/TEMPO/ProcLib/WATCHEYE.pro(49) : ERROR Error - 'X_Offset' not explicitly declared.
C:/TEMPO/ProcLib/WATCHEYE.pro(49) : ERROR Error - 'X_Offset' not explicitly declared.
C:/TEMPO/ProcLib/WATCHEYE.pro(50) : ERROR Error - 'Y_Offset' not explicitly declared.
C:/TEMPO/ProcLib/WATCHEYE.pro(50) : ERROR Error - 'Y_Offset' not explicitly declared.
C:/TEMPO/ProcLib/WATCHMTH.pro(38) : ERROR Error - 'CheckMouth' not explicitly declared.
C:/TEMPO/ProcLib/WATCHBOD.pro(22) : ERROR Error - 'CheckBody' not explicitly declared.
C:/TEMPO/ProcLib/MGTRIAL.pro(173) : ERROR Error - 'Stim_channel' not explicitly declared.
C:/TEMPO/ProcLib/MGTRIAL.pro(179) : ERROR Error - 'Stim_channel' not explicitly declared.
C:/TEMPO/ProcLib/MGTRIAL.pro(280) : ERROR Error - 'Stim_channel' not explicitly declared.
C:/TEMPO/ProcLib/MGTRIAL.pro(286) : ERROR Error - 'Stim_channel' not explicitly declared.
C:/TEMPO/ProcLib/SCHTRIAL.pro(236) : ERROR Error - 'Stim_channel' not explicitly declared.
C:/TEMPO/ProcLib/SCHTRIAL.pro(313) : ERROR Error - 'Stim_channel' not explicitly declared.
C:/TEMPO/ProcLib/SCHTRIAL.pro(481) : ERROR Error - 'Stim_channel' not explicitly declared.
C:/TEMPO/ProcLib/SETA_TRL.pro(269) : ERROR Error - 'Scr_width' not explicitly declared.
C:/TEMPO/ProcLib/SETA_TRL.pro(270) : ERROR Error - 'Scr_height' not explicitly declared.
C:/TEMPO/ProcLib/SETA_TRL.pro(271) : ERROR Error - 'PD_left' not explicitly declared.
C:/TEMPO/ProcLib/SETA_TRL.pro(271) : ERROR Argument #9's type mismatches process ANTI_PGS's declaration.

